c:\users\rostel\source\repos\helloworld\std_gpa\x64\debug\vc145.pdb
c:\users\rostel\source\repos\helloworld\std_gpa\x64\debug\vc145.idb
c:\users\rostel\source\repos\helloworld\std_gpa\x64\debug\ui.obj
c:\users\rostel\source\repos\helloworld\std_gpa\x64\debug\menu.obj
c:\users\rostel\source\repos\helloworld\std_gpa\x64\debug\main.obj
c:\users\rostel\source\repos\helloworld\std_gpa\x64\debug\input.obj
c:\users\rostel\source\repos\helloworld\std_gpa\x64\debug\calculs.obj
c:\users\rostel\source\repos\helloworld\x64\debug\std_gpa.exe
c:\users\rostel\source\repos\helloworld\x64\debug\std_gpa.pdb
c:\users\rostel\source\repos\helloworld\std_gpa\x64\debug\std_gpa.ilk
c:\users\rostel\source\repos\grades manager\std_gpa\x64\debug\calculs.obj
c:\users\rostel\source\repos\grades manager\std_gpa\x64\debug\input.obj
c:\users\rostel\source\repos\grades manager\std_gpa\x64\debug\main.obj
c:\users\rostel\source\repos\grades manager\std_gpa\x64\debug\menu.obj
c:\users\rostel\source\repos\grades manager\std_gpa\x64\debug\ui.obj
c:\users\rostel\source\repos\grades manager\std_gpa\x64\debug\std_gpa.ilk
c:\users\rostel\source\repos\grades manager\std_gpa\x64\debug\vc145.idb
c:\users\rostel\source\repos\grades manager\std_gpa\x64\debug\vc145.pdb
c:\users\rostel\source\repos\grades manager\x64\debug\std_gpa.pdb
c:\users\rostel\source\repos\grades manager\x64\debug\std_gpa.exe
c:\users\rostel\source\repos\grades manager\std_gpa\x64\debug\std_gpa.tlog\cl.command.1.tlog
c:\users\rostel\source\repos\grades manager\std_gpa\x64\debug\std_gpa.tlog\cl.items.tlog
c:\users\rostel\source\repos\grades manager\std_gpa\x64\debug\std_gpa.tlog\cl.read.1.tlog
c:\users\rostel\source\repos\grades manager\std_gpa\x64\debug\std_gpa.tlog\cl.write.1.tlog
c:\users\rostel\source\repos\grades manager\std_gpa\x64\debug\std_gpa.tlog\link.command.1.tlog
c:\users\rostel\source\repos\grades manager\std_gpa\x64\debug\std_gpa.tlog\link.read.1.tlog
c:\users\rostel\source\repos\grades manager\std_gpa\x64\debug\std_gpa.tlog\link.secondary.1.tlog
c:\users\rostel\source\repos\grades manager\std_gpa\x64\debug\std_gpa.tlog\link.write.1.tlog
